<?xml version="1.0" encoding="UTF-8"?>
<!-- Generated by org.testng.reporters.JUnitXMLReporter -->
<testsuite ignored="0" hostname="MUM-TSI-AN-L362" failures="0" tests="3" name="Testrunner2" time="0.044" errors="0" timestamp="2022-01-08T16:51:29 IST">
  <testcase classname="demoDataCheck.smoke" name="demo" time="0.01"/>
  <testcase classname="demoDataCheck.smoke" name="demo2" time="0.002"/>
  <testcase classname="demoDataCheck.smoke" name="demo3" time="0.001"/>
</testsuite> <!-- Testrunner2 -->
