<?xml version="1.0" encoding="UTF-8"?>
<!-- Generated by org.testng.reporters.JUnitXMLReporter -->
<testsuite ignored="0" hostname="MUM-TSI-AN-L362" failures="0" tests="3" name="TestRunner-2" time="0.05" errors="0" timestamp="2022-01-08T16:58:50 IST">
  <testcase classname="demoDataCheck.regressionTest" name="demo" time="0.006"/>
  <testcase classname="demoDataCheck.regressionTest" name="demo2" time="0.003"/>
  <testcase classname="demoDataCheck.regressionTest" name="demo3" time="0.001"/>
</testsuite> <!-- TestRunner-2 -->
