<?xml version="1.0" encoding="UTF-8"?>
<!-- Generated by org.testng.reporters.JUnitXMLReporter -->
<testsuite ignored="0" hostname="MUM-TSI-AN-L362" failures="0" tests="6" name="TestRunner-3" time="0.061" errors="0" timestamp="2022-01-07T23:54:44 IST">
  <testcase classname="demoDataCheck.smoke" name="demo" time="0.007"/>
  <testcase classname="demoDataCheck.smoke" name="demo2" time="0.003"/>
  <testcase classname="demoDataCheck.smoke" name="demo3" time="0.001"/>
  <testcase classname="demoDataCheck.regressionTest" name="demo" time="0.001"/>
  <testcase classname="demoDataCheck.regressionTest" name="demo2" time="0.001"/>
  <testcase classname="demoDataCheck.regressionTest" name="demo3" time="0.002"/>
</testsuite> <!-- TestRunner-3 -->
