<?xml version="1.0" encoding="UTF-8"?>
<!-- Generated by org.testng.reporters.JUnitXMLReporter -->
<testsuite ignored="6" hostname="MUM-TSI-AN-L362" failures="0" tests="0" time="0.006" errors="0" timestamp="2022-01-08T16:59:15 IST">
  <testcase classname="demoDataCheck.regressionTest" name="demo2" time="0.0">
    <ignored/>
  </testcase> <!-- demo2 -->
  <testcase classname="demoDataCheck.regressionTest" name="demo" time="0.0">
    <ignored/>
  </testcase> <!-- demo -->
  <testcase classname="demoDataCheck.smoke" name="demo" time="0.0">
    <ignored/>
  </testcase> <!-- demo -->
  <testcase classname="demoDataCheck.smoke" name="demo2" time="0.0">
    <ignored/>
  </testcase> <!-- demo2 -->
  <testcase classname="demoDataCheck.regressionTest" name="demo3" time="0.0">
    <ignored/>
  </testcase> <!-- demo3 -->
  <testcase classname="demoDataCheck.smoke" name="demo3" time="0.0">
    <ignored/>
  </testcase> <!-- demo3 -->
</testsuite>
